============================= test session starts ==============================
platform linux -- Python 3.11.15, pytest-9.1.1, pluggy-1.6.0 -- /home/cz776/miniconda3/envs/jwclone/bin/python
cachedir: .pytest_cache
hypothesis profile 'default'
rootdir: /srv/jwteam_clone/shared/run_current/workspace
plugins: respx-0.21.1, flask-1.3.0, anyio-4.13.0, cov-7.1.0, asyncio-1.4.0, mock-3.15.1, hypothesis-6.160.0
asyncio: mode=Mode.STRICT, debug=False, asyncio_default_fixture_loop_scope=None, asyncio_default_test_loop_scope=function
collecting ... collected 15 items

tests/test_api.py::test_list_route_versioned 