============================= test session starts ==============================
platform linux -- Python 3.11.15, pytest-9.1.1, pluggy-1.6.0 -- /home/cz776/miniconda3/envs/jwclone/bin/python
cachedir: .pytest_cache
hypothesis profile 'default'
rootdir: /srv/jwteam_clone/shared/run_current/workspace
plugins: respx-0.21.1, flask-1.3.0, anyio-4.13.0, cov-7.1.0, asyncio-1.4.0, mock-3.15.1, hypothesis-6.160.0
asyncio: mode=Mode.STRICT, debug=False, asyncio_default_fixture_loop_scope=None, asyncio_default_test_loop_scope=function
collecting ... collected 15 items

tests/test_api.py::test_list_route_versioned PASSED                      [  6%]
tests/test_api.py::test_health_route_versioned PASSED                    [ 13%]
tests/test_api.py::test_create_uses_post PASSED                          [ 20%]
tests/test_api.py::test_get_method_not_create PASSED                     [ 26%]
tests/test_api.py::test_create_returns_201 PASSED                        [ 33%]
tests/test_api.py::test_not_found_returns_404 PASSED                     [ 40%]
tests/test_api.py::test_delete_returns_204 PASSED                        [ 46%]
tests/test_api.py::test_client_error_returns_400 PASSED                  [ 53%]
tests/test_api.py::test_not_found_error_is_json PASSED                   [ 60%]
tests/test_api.py::test_bad_request_error_is_json PASSED                 [ 66%]
tests/test_api.py::test_list_accepts_pagination_params PASSED            [ 73%]
tests/test_api.py::test_list_respects_page_size PASSED                   [ 80%]
tests/test_api.py::test_list_response_has_total PASSED                   [ 86%]
tests/test_api.py::test_search_route_snake_case PASSED                   [ 93%]
tests/test_api.py::test_update_and_get PASSED                            [100%]

============================== 15 passed in 0.11s ==============================
